c:\users\swede\source\repos\blankpixelengine\release\blankpixelengine.ipdb
c:\users\swede\source\repos\blankpixelengine\release\blankpixelengine.iobj
c:\users\swede\source\repos\blankpixelengine\blankpixelengine\release\vc142.pdb
c:\users\swede\source\repos\blankpixelengine\blankpixelengine\release\vec3d.obj
c:\users\swede\source\repos\blankpixelengine\blankpixelengine\release\tile.obj
c:\users\swede\source\repos\blankpixelengine\blankpixelengine\release\particle.obj
c:\users\swede\source\repos\blankpixelengine\blankpixelengine\release\olcexampleprogram.obj
c:\users\swede\source\repos\blankpixelengine\blankpixelengine\release\keyboard_x.obj
c:\users\swede\source\repos\blankpixelengine\blankpixelengine\release\isometry.obj
c:\users\swede\source\repos\blankpixelengine\blankpixelengine\release\entity.obj
c:\users\swede\source\repos\blankpixelengine\blankpixelengine\release\drop.obj
c:\users\swede\source\repos\blankpixelengine\blankpixelengine\release\direction_vector.obj
c:\users\swede\source\repos\blankpixelengine\blankpixelengine\release\balll.obj
c:\users\swede\source\repos\blankpixelengine\release\blankpixelengine.exe
c:\users\swede\source\repos\blankpixelengine\release\blankpixelengine.pdb
c:\users\swede\source\repos\blankpixelengine\blankpixelengine\release\blankpixelengine.tlog\blankpixelengine.write.1u.tlog
c:\users\swede\source\repos\blankpixelengine\blankpixelengine\release\blankpixelengine.tlog\cl.command.1.tlog
c:\users\swede\source\repos\blankpixelengine\blankpixelengine\release\blankpixelengine.tlog\cl.read.1.tlog
c:\users\swede\source\repos\blankpixelengine\blankpixelengine\release\blankpixelengine.tlog\cl.write.1.tlog
c:\users\swede\source\repos\blankpixelengine\blankpixelengine\release\blankpixelengine.tlog\link.command.1.tlog
c:\users\swede\source\repos\blankpixelengine\blankpixelengine\release\blankpixelengine.tlog\link.read.1.tlog
c:\users\swede\source\repos\blankpixelengine\blankpixelengine\release\blankpixelengine.tlog\link.write.1.tlog
